<?xml version="1.0" encoding="UTF-8"?>
<TestRun id="9c290c94-ad1f-4858-a762-807af83d9748" name="Gus@GUS-PC 2015-05-26 22:18:54" runUser="Gus-PC\Gus" xmlns="http://microsoft.com/schemas/VisualStudio/TeamTest/2010">
  <TestSettings name="Local" id="7fbd46a3-fec7-4cea-9afd-c8eb2812b437">
    <Description>These are default test settings for a local test run.</Description>
    <Deployment enabled="false" runDeploymentRoot="Gus_GUS-PC 2015-05-26 22_18_54">
      <DeploymentItem filename="G:\Xamarin Studio\ServicioWebRest\ServicioWebRest\bin\ServicioWebRest.dll" />
    </Deployment>
    <Execution>
      <TestTypeSpecific />
      <AgentRule name="Execution Agents">
      </AgentRule>
    </Execution>
  </TestSettings>
  <Times creation="2015-05-26T22:18:54.0811030-03:00" queuing="2015-05-26T22:18:54.1851089-03:00" start="2015-05-26T22:18:54.2001098-03:00" finish="2015-05-26T22:18:57.1662794-03:00" />
  <ResultSummary outcome="Failed">
    <Counters total="1" executed="1" error="0" failed="1" timeout="0" aborted="0" inconclusive="0" passedButRunAborted="0" notRunnable="0" notExecuted="0" disconnected="0" warning="0" passed="0" completed="0" inProgress="0" pending="0" />
  </ResultSummary>
  <TestDefinitions>
    <UnitTest name="conexaoAbrirTest" storage="g:\xamarin studio\serviciowebrest\testproject\bin\debug\testproject.dll" id="3a9ac8dd-88c7-8487-a843-d65ccc6d8bc2">
      <Execution id="e68c3454-8360-4ea5-a986-579c98d8ed9f" />
      <TestMethod codeBase="G:/Xamarin Studio/ServicioWebRest/TestProject/bin/Debug/TestProject.DLL" adapterTypeName="Microsoft.VisualStudio.TestTools.TestTypes.Unit.UnitTestAdapter, Microsoft.VisualStudio.QualityTools.Tips.UnitTest.Adapter, Version=10.0.0.0, Culture=neutral, PublicKeyToken=b03f5f7f11d50a3a" className="TestProject.ConectionStringTest, TestProject, Version=1.0.0.0, Culture=neutral, PublicKeyToken=null" name="conexaoAbrirTest" />
      <AspNet webSiteUrl="http://localhost/RestService/">
        <Host pathToWebApp="G:\Xamarin Studio\ServicioWebRest\ServicioWebRest" webAppRoot="/" />
      </AspNet>
    </UnitTest>
  </TestDefinitions>
  <TestLists>
    <TestList name="Results Not in a List" id="8c84fa94-04c1-424b-9868-57a2d4851a1d" />
    <TestList name="All Loaded Results" id="19431567-8539-422a-85d7-44ee4e166bda" />
  </TestLists>
  <TestEntries>
    <TestEntry testId="3a9ac8dd-88c7-8487-a843-d65ccc6d8bc2" executionId="e68c3454-8360-4ea5-a986-579c98d8ed9f" testListId="8c84fa94-04c1-424b-9868-57a2d4851a1d" />
  </TestEntries>
  <Results>
    <UnitTestResult executionId="e68c3454-8360-4ea5-a986-579c98d8ed9f" testId="3a9ac8dd-88c7-8487-a843-d65ccc6d8bc2" testName="conexaoAbrirTest" computerName="GUS-PC" startTime="2015-05-26T22:18:54.2221110-03:00" endTime="2015-05-26T22:18:56.9752685-03:00" testType="13cdc9d9-ddb5-4fa4-a97d-d965ccfc6d4b" outcome="Failed" testListId="8c84fa94-04c1-424b-9868-57a2d4851a1d" relativeResultsDirectory="e68c3454-8360-4ea5-a986-579c98d8ed9f">
      <Output>
        <ErrorInfo>
          <Message>Could not connect to the Web server for page 'http://localhost:2887/RestService/'. O servidor remoto retornou um erro: (404) Não Localizado.. Check that the Web server is running and visible on the network and that the page specified exists.</Message>
        </ErrorInfo>
      </Output>
    </UnitTestResult>
  </Results>
</TestRun>